<?xml version="1.0" encoding="UTF-8"?>
<Site BuildName="Win32-MSBuild"
	BuildStamp="20241004-0955-Experimental"
	Name="Nest"
	Generator="ctest-3.30.0-rc2"
	CompilerName="C:/Program Files/Microsoft Visual Studio/2022/Community/VC/Tools/MSVC/14.40.33807/bin/Hostx64/x64/cl.exe"
	CompilerVersion="19.40.33813.0"
	OSName="Windows"
	Hostname="Nest"
	OSRelease=" Personal"
	OSVersion=" (Build 22631)"
	OSPlatform="AMD64"
	Is64Bits="1"
	VendorString="AuthenticAMD"
	VendorID="Advanced Micro Devices"
	FamilyID="15"
	ModelID="0"
	ProcessorCacheSize="64"
	NumberOfLogicalCPU="8"
	NumberOfPhysicalCPU="4"
	TotalVirtualMemory="31477"
	TotalPhysicalMemory="15605"
	LogicalProcessorsPerPhysical="2"
	ProcessorClockFrequency="2794"
	>
	<Testing>
		<StartDateTime>Oct 04 10:03 Eastern Daylight Time</StartDateTime>
		<StartTestTime>1728050581</StartTestTime>
		<TestList/>
		<EndDateTime>Oct 04 10:03 Eastern Daylight Time</EndDateTime>
		<EndTestTime>1728050581</EndTestTime>
		<ElapsedMinutes>0</ElapsedMinutes>
	</Testing>
</Site>
